\BOOKMARK [0][-]{chapter.1}{LaTeX Constructs: Basics}{}% 1
\BOOKMARK [1][-]{section.1.1}{Document Class}{chapter.1}% 2
\BOOKMARK [1][-]{section.1.2}{Preamble}{chapter.1}% 3
\BOOKMARK [1][-]{section.1.3}{Title and Author}{chapter.1}% 4
\BOOKMARK [1][-]{section.1.4}{Document: Main Body}{chapter.1}% 5
\BOOKMARK [2][-]{subsection.1.4.1}{Section}{section.1.4}% 6
\BOOKMARK [2][-]{subsection.1.4.2}{Subsection}{section.1.4}% 7
\BOOKMARK [2][-]{subsection.1.4.3}{Paragraphs}{section.1.4}% 8
\BOOKMARK [2][-]{subsection.1.4.4}{URL and HYPERREF}{section.1.4}% 9
\BOOKMARK [2][-]{subsection.1.4.5}{Lists}{section.1.4}% 10
\BOOKMARK [0][-]{chapter.2}{Graphics}{}% 11
\BOOKMARK [1][-]{section.2.1}{Floats}{chapter.2}% 12
\BOOKMARK [2][-]{subsection.2.1.1}{Figure}{section.2.1}% 13
\BOOKMARK [2][-]{subsection.2.1.2}{Table}{section.2.1}% 14
\BOOKMARK [2][-]{subsection.2.1.3}{Referencing}{section.2.1}% 15
\BOOKMARK [2][-]{subsection.2.1.4}{Additional Notes}{section.2.1}% 16
\BOOKMARK [0][-]{chapter.3}{Math}{}% 17
\BOOKMARK [1][-]{section.3.1}{Inline Math}{chapter.3}% 18
\BOOKMARK [1][-]{section.3.2}{Out of line Math}{chapter.3}% 19
\BOOKMARK [2][-]{subsection.3.2.1}{Using the Square Brackets}{section.3.2}% 20
\BOOKMARK [2][-]{subsection.3.2.2}{Using the Equation environment}{section.3.2}% 21
\BOOKMARK [2][-]{subsection.3.2.3}{Using the align environment}{section.3.2}% 22
\BOOKMARK [1][-]{section.3.3}{Symbols}{chapter.3}% 23
\BOOKMARK [1][-]{section.3.4}{Matrix Environments}{chapter.3}% 24
\BOOKMARK [0][-]{chapter.4}{Referencing and BiBTeX}{}% 25
\BOOKMARK [1][-]{section.4.1}{Background}{chapter.4}% 26
